<?xml version="1.0" encoding="UTF-8"?>
<!-- Generated by org.testng.reporters.JUnitXMLReporter -->
<testsuite ignored="0" hostname="DESKTOP-FV5OS2H" failures="0" tests="4" name="Default test" time="35.452" errors="0" timestamp="2025-01-07T22:38:40 IST">
  <testcase classname="com.actitime.testscript.Demo_DataProvider" name="loginPage" time="10.18"/>
  <testcase classname="com.actitime.testscript.Demo_DataProvider" name="loginPage" time="6.231"/>
  <testcase classname="com.actitime.testscript.Demo_DataProvider" name="loginPage" time="9.077"/>
  <testcase classname="com.actitime.testscript.Demo_DataProvider" name="loginPage" time="9.886"/>
</testsuite> <!-- Default test -->
